<?xml version="1.0" encoding="UTF-8"?>
<testng-results skipped="0" failed="0" ignored="0" total="1" passed="1">
  <reporter-output>
  </reporter-output>
  <suite name="Page Object Model" duration-ms="13372" started-at="2020-10-15T12:10:53 EDT" finished-at="2020-10-15T12:11:06 EDT">
    <groups>
    </groups>
    <test name="Login Test" duration-ms="13372" started-at="2020-10-15T12:10:53 EDT" finished-at="2020-10-15T12:11:06 EDT">
      <class name="testcases.LoginTest">
        <test-method status="PASS" signature="loginTest()[pri:0, instance:testcases.LoginTest@401e7803]" name="loginTest" duration-ms="13332" started-at="2020-10-15T12:10:53 EDT" finished-at="2020-10-15T12:11:06 EDT">
          <reporter-output>
          </reporter-output>
        </test-method> <!-- loginTest -->
        <test-method status="PASS" signature="tearDown()[pri:0, instance:testcases.LoginTest@401e7803]" name="tearDown" is-config="true" duration-ms="946" started-at="2020-10-15T12:11:07 EDT" finished-at="2020-10-15T12:11:08 EDT">
          <reporter-output>
          </reporter-output>
        </test-method> <!-- tearDown -->
      </class> <!-- testcases.LoginTest -->
    </test> <!-- Login Test -->
  </suite> <!-- Page Object Model -->
</testng-results>
